{"name": "test_home_page_header[chrome]", "status": "failed", "statusDetails": {"message": "AssertionError: assert 'Products' == 'PRODUCTS'\n  - PRODUCTS\n  + Products", "trace": "self = <Tests.test_HomePage.TestHomePage object at 0x104b95410>\n\n    def test_home_page_header(self):\n        self.loginPage = LoginPage(self.driver)\n        home_page = self.loginPage.login(TestData.USER_NAME, TestData.PASSWORD)\n        header = home_page.get_header_value()\n>       assert header == TestData.HOME_PAGE_HEADER\nE       AssertionError: assert 'Products' == 'PRODUCTS'\nE         - PRODUCTS\nE         + Products\n\nTests/test_HomePage.py:18: AssertionError"}, "parameters": [{"name": "init_driver", "value": "'chrome'"}], "start": 1679586431385, "stop": 1679586432422, "uuid": "e6662da0-1a25-4b8c-8161-9b39f364f593", "historyId": "406a84bc4ce99c8a0890a879f0302287", "testCaseId": "bf9a5cd174904eb6706546e09387a3bb", "fullName": "Tests.test_HomePage.TestHomePage#test_home_page_header", "labels": [{"name": "tag", "value": "@pytest.mark.usefixtures('init_driver')"}, {"name": "parentSuite", "value": "Tests"}, {"name": "suite", "value": "test_HomePage"}, {"name": "subSuite", "value": "TestHomePage"}, {"name": "host", "value": "Sudips-MBP"}, {"name": "thread", "value": "50539-MainThread"}, {"name": "framework", "value": "pytest"}, {"name": "language", "value": "cpython3"}, {"name": "package", "value": "Tests.test_HomePage"}]}